#-----------------------------------------------------------
# Vivado v2019.1 (64-bit)
# SW Build 2552052 on Fri May 24 14:49:42 MDT 2019
# IP Build 2548770 on Fri May 24 18:01:18 MDT 2019
# Start of session at: Fri Nov  8 09:38:05 2019
# Process ID: 7884
# Current directory: C:/Xilinx/Projects/MicroMips
# Command line: vivado.exe -gui_launcher_event rodinguilauncherevent3700 C:\Xilinx\Projects\MicroMips\MicroMips.xpr
# Log file: C:/Xilinx/Projects/MicroMips/vivado.log
# Journal file: C:/Xilinx/Projects/MicroMips\vivado.jou
#-----------------------------------------------------------
start_gui
open_project C:/Xilinx/Projects/MicroMips/MicroMips.xpr
Scanning sources...
Finished scanning sources
INFO: [IP_Flow 19-234] Refreshing IP repositories
INFO: [IP_Flow 19-1704] No user IP repositories specified
INFO: [IP_Flow 19-2313] Loaded Vivado IP repository 'C:/Xilinx/Vivado/2019.1/data/ip'.
open_project: Time (s): cpu = 00:00:31 ; elapsed = 00:00:52 . Memory (MB): peak = 757.398 ; gain = 189.109
exit
INFO: [Common 17-206] Exiting Vivado at Fri Nov  8 11:46:09 2019...
